n02909870/ILSVRC2012_val_00008396.JPEG
76
n02909870/ILSVRC2012_val_00042290.JPEG
76
n02909870/ILSVRC2012_val_00004236.JPEG
76
n02909870/ILSVRC2012_val_00006327.JPEG
76
n02909870/ILSVRC2012_val_00049238.JPEG
76
n02909870/ILSVRC2012_val_00041404.JPEG
76
n02909870/ILSVRC2012_val_00023828.JPEG
76
n02909870/ILSVRC2012_val_00008220.JPEG
76
n02909870/ILSVRC2012_val_00020852.JPEG
76
n02909870/ILSVRC2012_val_00010175.JPEG
76
n02909870/ILSVRC2012_val_00017066.JPEG
76
n02909870/ILSVRC2012_val_00029235.JPEG
76
n02909870/ILSVRC2012_val_00033388.JPEG
76
n02909870/ILSVRC2012_val_00031208.JPEG
76
n02909870/ILSVRC2012_val_00000226.JPEG
76
n02909870/ILSVRC2012_val_00022605.JPEG
76
n02909870/ILSVRC2012_val_00005035.JPEG
76
n02909870/ILSVRC2012_val_00000336.JPEG
76
n02909870/ILSVRC2012_val_00011094.JPEG
76
n02909870/ILSVRC2012_val_00013222.JPEG
76
n02909870/ILSVRC2012_val_00040061.JPEG
76
n02909870/ILSVRC2012_val_00048205.JPEG
76
n02909870/ILSVRC2012_val_00013968.JPEG
76
n02909870/ILSVRC2012_val_00024539.JPEG
76
n02909870/ILSVRC2012_val_00007724.JPEG
76
n02909870/ILSVRC2012_val_00033936.JPEG
76
n02909870/ILSVRC2012_val_00016300.JPEG
76
n02909870/ILSVRC2012_val_00030335.JPEG
76
n02909870/ILSVRC2012_val_00027739.JPEG
76
n02909870/ILSVRC2012_val_00001126.JPEG
76
n02909870/ILSVRC2012_val_00034503.JPEG
76
n02909870/ILSVRC2012_val_00042988.JPEG
76
n02909870/ILSVRC2012_val_00042873.JPEG
76
n02909870/ILSVRC2012_val_00013122.JPEG
76
n02909870/ILSVRC2012_val_00045186.JPEG
76
n02909870/ILSVRC2012_val_00017622.JPEG
76
n02909870/ILSVRC2012_val_00006594.JPEG
76
n02909870/ILSVRC2012_val_00013226.JPEG
76
n02909870/ILSVRC2012_val_00001214.JPEG
76
n02909870/ILSVRC2012_val_00035806.JPEG
76
n02909870/ILSVRC2012_val_00036628.JPEG
76
n02909870/ILSVRC2012_val_00042633.JPEG
76
n02909870/ILSVRC2012_val_00022528.JPEG
76
n02909870/ILSVRC2012_val_00017170.JPEG
76
n02909870/ILSVRC2012_val_00011119.JPEG
76
n02909870/ILSVRC2012_val_00043472.JPEG
76
n02909870/ILSVRC2012_val_00046426.JPEG
76
n02909870/ILSVRC2012_val_00045322.JPEG
76
n02909870/ILSVRC2012_val_00004625.JPEG
76
n02909870/ILSVRC2012_val_00022064.JPEG
76
n07684084/ILSVRC2012_val_00032488.JPEG
76
n07684084/ILSVRC2012_val_00012379.JPEG
76
n07684084/ILSVRC2012_val_00032674.JPEG
76
n07684084/ILSVRC2012_val_00009913.JPEG
76
n07684084/ILSVRC2012_val_00048399.JPEG
76
n07684084/ILSVRC2012_val_00004253.JPEG
76
n07684084/ILSVRC2012_val_00047894.JPEG
76
n07684084/ILSVRC2012_val_00022011.JPEG
76
n07684084/ILSVRC2012_val_00012636.JPEG
76
n07684084/ILSVRC2012_val_00031026.JPEG
76
n07684084/ILSVRC2012_val_00006367.JPEG
76
n07684084/ILSVRC2012_val_00046840.JPEG
76
n07684084/ILSVRC2012_val_00028029.JPEG
76
n07684084/ILSVRC2012_val_00006466.JPEG
76
n07684084/ILSVRC2012_val_00003329.JPEG
76
n07684084/ILSVRC2012_val_00000950.JPEG
76
n07684084/ILSVRC2012_val_00007687.JPEG
76
n07684084/ILSVRC2012_val_00007138.JPEG
76
n07684084/ILSVRC2012_val_00038093.JPEG
76
n07684084/ILSVRC2012_val_00045653.JPEG
76
n07684084/ILSVRC2012_val_00006422.JPEG
76
n07684084/ILSVRC2012_val_00012607.JPEG
76
n07684084/ILSVRC2012_val_00040328.JPEG
76
n07684084/ILSVRC2012_val_00046907.JPEG
76
n07684084/ILSVRC2012_val_00037213.JPEG
76
n07684084/ILSVRC2012_val_00006967.JPEG
76
n07684084/ILSVRC2012_val_00005911.JPEG
76
n07684084/ILSVRC2012_val_00004199.JPEG
76
n07684084/ILSVRC2012_val_00005025.JPEG
76
n07684084/ILSVRC2012_val_00041610.JPEG
76
n07684084/ILSVRC2012_val_00042395.JPEG
76
n07684084/ILSVRC2012_val_00041061.JPEG
76
n07684084/ILSVRC2012_val_00006605.JPEG
76
n07684084/ILSVRC2012_val_00049497.JPEG
76
n07684084/ILSVRC2012_val_00030359.JPEG
76
n07684084/ILSVRC2012_val_00018329.JPEG
76
n07684084/ILSVRC2012_val_00001315.JPEG
76
n07684084/ILSVRC2012_val_00013638.JPEG
76
n07684084/ILSVRC2012_val_00013349.JPEG
76
n07684084/ILSVRC2012_val_00027900.JPEG
76
n07684084/ILSVRC2012_val_00046190.JPEG
76
n07684084/ILSVRC2012_val_00036539.JPEG
76
n07684084/ILSVRC2012_val_00043611.JPEG
76
n07684084/ILSVRC2012_val_00031763.JPEG
76
n07684084/ILSVRC2012_val_00027339.JPEG
76
n07684084/ILSVRC2012_val_00028987.JPEG
76
n07684084/ILSVRC2012_val_00034151.JPEG
76
n07684084/ILSVRC2012_val_00036383.JPEG
76
n07684084/ILSVRC2012_val_00000820.JPEG
76
n07684084/ILSVRC2012_val_00038341.JPEG
76
n01614925/ILSVRC2012_val_00046632.JPEG
76
n01614925/ILSVRC2012_val_00027079.JPEG
76
n01614925/ILSVRC2012_val_00015516.JPEG
76
n01614925/ILSVRC2012_val_00021104.JPEG
76
n01614925/ILSVRC2012_val_00039605.JPEG
76
n01614925/ILSVRC2012_val_00032320.JPEG
76
n01614925/ILSVRC2012_val_00040404.JPEG
76
n01614925/ILSVRC2012_val_00003330.JPEG
76
n01614925/ILSVRC2012_val_00040970.JPEG
76
n01614925/ILSVRC2012_val_00008481.JPEG
76
n01614925/ILSVRC2012_val_00049899.JPEG
76
n01614925/ILSVRC2012_val_00031465.JPEG
76
n01614925/ILSVRC2012_val_00042380.JPEG
76
n01614925/ILSVRC2012_val_00033435.JPEG
76
n01614925/ILSVRC2012_val_00007712.JPEG
76
n01614925/ILSVRC2012_val_00010889.JPEG
76
n01614925/ILSVRC2012_val_00026614.JPEG
76
n01614925/ILSVRC2012_val_00026707.JPEG
76
n01614925/ILSVRC2012_val_00006334.JPEG
76
n01614925/ILSVRC2012_val_00014082.JPEG
76
n01614925/ILSVRC2012_val_00027570.JPEG
76
n01614925/ILSVRC2012_val_00038636.JPEG
76
n01614925/ILSVRC2012_val_00006571.JPEG
76
n01614925/ILSVRC2012_val_00040608.JPEG
76
n01614925/ILSVRC2012_val_00002031.JPEG
76
n01614925/ILSVRC2012_val_00008151.JPEG
76
n01614925/ILSVRC2012_val_00039859.JPEG
76
n01614925/ILSVRC2012_val_00014192.JPEG
76
n01614925/ILSVRC2012_val_00020052.JPEG
76
n01614925/ILSVRC2012_val_00046564.JPEG
76
n01614925/ILSVRC2012_val_00045612.JPEG
76
n01614925/ILSVRC2012_val_00022597.JPEG
76
n01614925/ILSVRC2012_val_00000128.JPEG
76
n01614925/ILSVRC2012_val_00014007.JPEG
76
n01614925/ILSVRC2012_val_00027196.JPEG
76
n01614925/ILSVRC2012_val_00026050.JPEG
76
n01614925/ILSVRC2012_val_00044921.JPEG
76
n01614925/ILSVRC2012_val_00038804.JPEG
76
n01614925/ILSVRC2012_val_00013702.JPEG
76
n01614925/ILSVRC2012_val_00021015.JPEG
76
n01614925/ILSVRC2012_val_00040242.JPEG
76
n01614925/ILSVRC2012_val_00048960.JPEG
76
n01614925/ILSVRC2012_val_00034168.JPEG
76
n01614925/ILSVRC2012_val_00043779.JPEG
76
n01614925/ILSVRC2012_val_00017994.JPEG
76
n01614925/ILSVRC2012_val_00013265.JPEG
76
n01614925/ILSVRC2012_val_00040158.JPEG
76
n01614925/ILSVRC2012_val_00037795.JPEG
76
n01614925/ILSVRC2012_val_00040474.JPEG
76
n01614925/ILSVRC2012_val_00049531.JPEG
76
n15075141/ILSVRC2012_val_00006953.JPEG
76
n15075141/ILSVRC2012_val_00034133.JPEG
76
n15075141/ILSVRC2012_val_00021975.JPEG
76
n15075141/ILSVRC2012_val_00005846.JPEG
76
n15075141/ILSVRC2012_val_00014649.JPEG
76
n15075141/ILSVRC2012_val_00039432.JPEG
76
n15075141/ILSVRC2012_val_00041217.JPEG
76
n15075141/ILSVRC2012_val_00038640.JPEG
76
n15075141/ILSVRC2012_val_00038905.JPEG
76
n15075141/ILSVRC2012_val_00021031.JPEG
76
n15075141/ILSVRC2012_val_00045266.JPEG
76
n15075141/ILSVRC2012_val_00049174.JPEG
76
n15075141/ILSVRC2012_val_00041219.JPEG
76
n15075141/ILSVRC2012_val_00006252.JPEG
76
n15075141/ILSVRC2012_val_00042270.JPEG
76
n15075141/ILSVRC2012_val_00046353.JPEG
76
n15075141/ILSVRC2012_val_00019699.JPEG
76
n15075141/ILSVRC2012_val_00002663.JPEG
76
n15075141/ILSVRC2012_val_00006055.JPEG
76
n15075141/ILSVRC2012_val_00001079.JPEG
76
n15075141/ILSVRC2012_val_00010694.JPEG
76
n15075141/ILSVRC2012_val_00021201.JPEG
76
n15075141/ILSVRC2012_val_00034988.JPEG
76
n15075141/ILSVRC2012_val_00016310.JPEG
76
n15075141/ILSVRC2012_val_00038340.JPEG
76
n15075141/ILSVRC2012_val_00013028.JPEG
76
n15075141/ILSVRC2012_val_00015463.JPEG
76
n15075141/ILSVRC2012_val_00002916.JPEG
76
n15075141/ILSVRC2012_val_00027666.JPEG
76
n15075141/ILSVRC2012_val_00035894.JPEG
76
n15075141/ILSVRC2012_val_00019558.JPEG
76
n15075141/ILSVRC2012_val_00024774.JPEG
76
n15075141/ILSVRC2012_val_00027432.JPEG
76
n15075141/ILSVRC2012_val_00003835.JPEG
76
n15075141/ILSVRC2012_val_00003181.JPEG
76
n15075141/ILSVRC2012_val_00039476.JPEG
76
n15075141/ILSVRC2012_val_00031618.JPEG
76
n15075141/ILSVRC2012_val_00029967.JPEG
76
n15075141/ILSVRC2012_val_00042643.JPEG
76
n15075141/ILSVRC2012_val_00006671.JPEG
76
n15075141/ILSVRC2012_val_00044368.JPEG
76
n15075141/ILSVRC2012_val_00047144.JPEG
76
n15075141/ILSVRC2012_val_00006482.JPEG
76
n15075141/ILSVRC2012_val_00040010.JPEG
76
n15075141/ILSVRC2012_val_00020175.JPEG
76
n15075141/ILSVRC2012_val_00041747.JPEG
76
n15075141/ILSVRC2012_val_00036056.JPEG
76
n15075141/ILSVRC2012_val_00041824.JPEG
76
n15075141/ILSVRC2012_val_00007556.JPEG
76
n15075141/ILSVRC2012_val_00010649.JPEG
76
n03180011/ILSVRC2012_val_00049615.JPEG
76
n03180011/ILSVRC2012_val_00046899.JPEG
76
n03180011/ILSVRC2012_val_00026145.JPEG
76
n03180011/ILSVRC2012_val_00005972.JPEG
76
n03180011/ILSVRC2012_val_00018449.JPEG
76
n03180011/ILSVRC2012_val_00034411.JPEG
76
n03180011/ILSVRC2012_val_00017864.JPEG
76
n03180011/ILSVRC2012_val_00043943.JPEG
76
n03180011/ILSVRC2012_val_00013776.JPEG
76
n03180011/ILSVRC2012_val_00020117.JPEG
76
n03180011/ILSVRC2012_val_00029543.JPEG
76
n03180011/ILSVRC2012_val_00034300.JPEG
76
n03180011/ILSVRC2012_val_00019908.JPEG
76
n03180011/ILSVRC2012_val_00016800.JPEG
76
n03180011/ILSVRC2012_val_00049874.JPEG
76
n03180011/ILSVRC2012_val_00044148.JPEG
76
n03180011/ILSVRC2012_val_00004712.JPEG
76
n03180011/ILSVRC2012_val_00039262.JPEG
76
n03180011/ILSVRC2012_val_00022226.JPEG
76
n03180011/ILSVRC2012_val_00021363.JPEG
76
n03180011/ILSVRC2012_val_00021984.JPEG
76
n03180011/ILSVRC2012_val_00041482.JPEG
76
n03180011/ILSVRC2012_val_00019090.JPEG
76
n03180011/ILSVRC2012_val_00019492.JPEG
76
n03180011/ILSVRC2012_val_00049752.JPEG
76
n03180011/ILSVRC2012_val_00009456.JPEG
76
n03180011/ILSVRC2012_val_00021772.JPEG
76
n03180011/ILSVRC2012_val_00007210.JPEG
76
n03180011/ILSVRC2012_val_00032155.JPEG
76
n03180011/ILSVRC2012_val_00042951.JPEG
76
n03180011/ILSVRC2012_val_00037573.JPEG
76
n03180011/ILSVRC2012_val_00033238.JPEG
76
n03180011/ILSVRC2012_val_00021891.JPEG
76
n03180011/ILSVRC2012_val_00048595.JPEG
76
n03180011/ILSVRC2012_val_00009897.JPEG
76
n03180011/ILSVRC2012_val_00004878.JPEG
76
n03180011/ILSVRC2012_val_00021924.JPEG
76
n03180011/ILSVRC2012_val_00001757.JPEG
76
n03180011/ILSVRC2012_val_00009325.JPEG
76
n03180011/ILSVRC2012_val_00002626.JPEG
76
n03180011/ILSVRC2012_val_00035357.JPEG
76
n03180011/ILSVRC2012_val_00039428.JPEG
76
n03180011/ILSVRC2012_val_00020355.JPEG
76
n03180011/ILSVRC2012_val_00036393.JPEG
76
n03180011/ILSVRC2012_val_00033297.JPEG
76
n03180011/ILSVRC2012_val_00024362.JPEG
76
n03180011/ILSVRC2012_val_00014012.JPEG
76
n03180011/ILSVRC2012_val_00040229.JPEG
76
n03180011/ILSVRC2012_val_00001246.JPEG
76
n03180011/ILSVRC2012_val_00043506.JPEG
76
n03134739/ILSVRC2012_val_00033811.JPEG
76
n03134739/ILSVRC2012_val_00007328.JPEG
76
n03134739/ILSVRC2012_val_00021307.JPEG
76
n03134739/ILSVRC2012_val_00008389.JPEG
76
n03134739/ILSVRC2012_val_00049953.JPEG
76
n03134739/ILSVRC2012_val_00009327.JPEG
[1;31m---------------------------------------------------------------------------[0m
[1;31mKeyboardInterrupt[0m                         Traceback (most recent call last)
[1;32m/home/abhinav/ann_project/code/run_model_val.py[0m in [0;36m<module>[1;34m()[0m
[0;32m     51[0m         [0mfull_path[0m [1;33m=[0m [0mos[0m[1;33m.[0m[0mpath[0m[1;33m.[0m[0mjoin[0m[1;33m([0m[0mos[0m[1;33m.[0m[0mpath[0m[1;33m.[0m[0mdirname[0m[1;33m([0m[0margs[0m[1;33m.[0m[0mimage_basepath[0m[1;33m)[0m[1;33m,[0m [0mimage_name[0m[1;33m)[0m[1;33m[0m[0m
[0;32m     52[0m [1;33m[0m[0m
[1;32m---> 53[1;33m         [0mimage[0m [1;33m=[0m [0mcaffe[0m[1;33m.[0m[0mio[0m[1;33m.[0m[0mload_image[0m[1;33m([0m[0mfull_path[0m[1;33m)[0m[1;33m[0m[0m
[0m[0;32m     54[0m         [0mproc_image[0m [1;33m=[0m [0mtransformer[0m[1;33m.[0m[0mpreprocess[0m[1;33m([0m[1;34m'data'[0m[1;33m,[0m [0mimage[0m[1;33m)[0m[1;33m[0m[0m
[0;32m     55[0m         [0mproc_image[0m [1;33m=[0m [0mnp[0m[1;33m.[0m[0mswapaxes[0m[1;33m([0m[0mproc_image[0m[1;33m,[0m [1;36m0[0m[1;33m,[0m [1;36m2[0m[1;33m)[0m[1;33m[0m[0m

[1;32m/home/abhinav/Softwares/caffe/python/caffe/io.pyc[0m in [0;36mload_image[1;34m(filename, color)[0m
[0;32m    290[0m         [0mof[0m [0msize[0m [1;33m([0m[0mH[0m [0mx[0m [0mW[0m [0mx[0m [1;36m1[0m[1;33m)[0m [1;32min[0m [0mgrayscale[0m[1;33m.[0m[1;33m[0m[0m
[0;32m    291[0m     """
[1;32m--> 292[1;33m     [0mimg[0m [1;33m=[0m [0mskimage[0m[1;33m.[0m[0mimg_as_float[0m[1;33m([0m[0mskimage[0m[1;33m.[0m[0mio[0m[1;33m.[0m[0mimread[0m[1;33m([0m[0mfilename[0m[1;33m)[0m[1;33m)[0m[1;33m.[0m[0mastype[0m[1;33m([0m[0mnp[0m[1;33m.[0m[0mfloat32[0m[1;33m)[0m[1;33m[0m[0m
[0m[0;32m    293[0m     [1;32mif[0m [0mimg[0m[1;33m.[0m[0mndim[0m [1;33m==[0m [1;36m2[0m[1;33m:[0m[1;33m[0m[0m
[0;32m    294[0m         [0mimg[0m [1;33m=[0m [0mimg[0m[1;33m[[0m[1;33m:[0m[1;33m,[0m [1;33m:[0m[1;33m,[0m [0mnp[0m[1;33m.[0m[0mnewaxis[0m[1;33m][0m[1;33m[0m[0m

[1;32m/usr/local/lib/python2.7/dist-packages/skimage/util/dtype.pyc[0m in [0;36mimg_as_float[1;34m(image, force_copy)[0m
[0;32m    289[0m [1;33m[0m[0m
[0;32m    290[0m     """
[1;32m--> 291[1;33m     [1;32mreturn[0m [0mconvert[0m[1;33m([0m[0mimage[0m[1;33m,[0m [0mnp[0m[1;33m.[0m[0mfloat64[0m[1;33m,[0m [0mforce_copy[0m[1;33m)[0m[1;33m[0m[0m
[0m[0;32m    292[0m [1;33m[0m[0m
[0;32m    293[0m [1;33m[0m[0m

[1;32m/usr/local/lib/python2.7/dist-packages/skimage/util/dtype.pyc[0m in [0;36mconvert[1;34m(image, dtype, force_copy, uniform)[0m
[0;32m    239[0m             [0mimage[0m [1;33m+=[0m [1;36m1.0[0m[1;33m[0m[0m
[0;32m    240[0m             [0mimage[0m [1;33m/=[0m [0mimax_in[0m [1;33m-[0m [0mimin_in[0m[1;33m[0m[0m
[1;32m--> 241[1;33m         [1;32mreturn[0m [0mimage[0m[1;33m.[0m[0mastype[0m[1;33m([0m[0mdtype[0m[1;33m)[0m[1;33m[0m[0m
[0m[0;32m    242[0m [1;33m[0m[0m
[0;32m    243[0m     [1;32mif[0m [0mkind_in[0m [1;33m==[0m [1;34m'u'[0m[1;33m:[0m[1;33m[0m[0m

[1;31mKeyboardInterrupt[0m: 
